<?xml version="1.0" encoding="UTF-8"?>
<!-- Generated by org.testng.reporters.JUnitReportReporter -->
<testsuite hostname="DESKTOP-71S3QPM" failures="0" tests="1" name="mavenforjenkins.UITest" time="12.421" errors="0" timestamp="2024-11-09T20:53:56 BDT" skipped="0">
  <testcase classname="mavenforjenkins.UITest" name="startBrowser" time="12.421"/>
  <system-out/>
</testsuite> <!-- mavenforjenkins.UITest -->
